# JRE version: Java(TM) SE Runtime Environment (8.0_251-b08) (build 1.8.0_251-b08)
# Java VM: Java HotSpot(TM) 64-Bit Server VM (25.251-b08 mixed mode windows-amd64 compressed oops)
Heap:
 PSYoungGen      total 114688K, used 91832K [0x00000000f5580000, 0x0000000100000000, 0x0000000100000000)
  eden space 76288K, 70% used [0x00000000f5580000,0x00000000f8a06f38,0x00000000fa000000)
  from space 38400K, 99% used [0x00000000fa000000,0x00000000fc527278,0x00000000fc580000)
  to   space 51712K, 0% used [0x00000000fcd80000,0x00000000fcd80000,0x0000000100000000)
 ParOldGen       total 206848K, used 70695K [0x00000000e0000000, 0x00000000eca00000, 0x00000000f5580000)
  object space 206848K, 34% used [0x00000000e0000000,0x00000000e4509ff0,0x00000000eca00000)
 Metaspace       used 89857K, capacity 98046K, committed 98264K, reserved 1134592K
  class space    used 12312K, capacity 13687K, committed 13784K, reserved 1048576K
GC Heap History (10 events):
Event: 1198.971 GC heap before
{Heap before GC invocations=40 (full 3):
 PSYoungGen      total 139264K, used 135966K [0x00000000f5580000, 0x0000000100000000, 0x0000000100000000)
  eden space 109056K, 100% used [0x00000000f5580000,0x00000000fc000000,0x00000000fc000000)
  from space 30208K, 89% used [0x00000000fe280000,0x00000000ffcc7ad8,0x0000000100000000)
  to   space 32768K, 0% used [0x00000000fc000000,0x00000000fc000000,0x00000000fe000000)
 ParOldGen       total 206848K, used 46743K [0x00000000e0000000, 0x00000000eca00000, 0x00000000f5580000)
  object space 206848K, 22% used [0x00000000e0000000,0x00000000e2da5ff8,0x00000000eca00000)
 Metaspace       used 86212K, capacity 94148K, committed 94424K, reserved 1130496K
  class space    used 11882K, capacity 13230K, committed 13272K, reserved 1048576K
Event: 1198.993 GC heap after
Heap after GC invocations=40 (full 3):
 PSYoungGen      total 138240K, used 29019K [0x00000000f5580000, 0x0000000100000000, 0x0000000100000000)
  eden space 109056K, 0% used [0x00000000f5580000,0x00000000f5580000,0x00000000fc000000)
  from space 29184K, 99% used [0x00000000fc000000,0x00000000fdc56ed0,0x00000000fdc80000)
  to   space 34816K, 0% used [0x00000000fde00000,0x00000000fde00000,0x0000000100000000)
 ParOldGen       total 206848K, used 47112K [0x00000000e0000000, 0x00000000eca00000, 0x00000000f5580000)
  object space 206848K, 22% used [0x00000000e0000000,0x00000000e2e02078,0x00000000eca00000)
 Metaspace       used 86212K, capacity 94148K, committed 94424K, reserved 1130496K
  class space    used 11882K, capacity 13230K, committed 13272K, reserved 1048576K
}
Event: 1203.594 GC heap before
{Heap before GC invocations=41 (full 3):
 PSYoungGen      total 138240K, used 138075K [0x00000000f5580000, 0x0000000100000000, 0x0000000100000000)
  eden space 109056K, 100% used [0x00000000f5580000,0x00000000fc000000,0x00000000fc000000)
  from space 29184K, 99% used [0x00000000fc000000,0x00000000fdc56ed0,0x00000000fdc80000)
  to   space 34816K, 0% used [0x00000000fde00000,0x00000000fde00000,0x0000000100000000)
 ParOldGen       total 206848K, used 47112K [0x00000000e0000000, 0x00000000eca00000, 0x00000000f5580000)
  object space 206848K, 22% used [0x00000000e0000000,0x00000000e2e02078,0x00000000eca00000)
 Metaspace       used 87108K, capacity 95088K, committed 95320K, reserved 1130496K
  class space    used 12003K, capacity 13373K, committed 13400K, reserved 1048576K
Event: 1203.655 GC heap after
Heap after GC invocations=41 (full 3):
 PSYoungGen      total 124416K, used 34788K [0x00000000f5580000, 0x0000000100000000, 0x0000000100000000)
  eden space 89600K, 0% used [0x00000000f5580000,0x00000000f5580000,0x00000000fad00000)
  from space 34816K, 99% used [0x00000000fde00000,0x00000000ffff9360,0x0000000100000000)
  to   space 42496K, 0% used [0x00000000fad00000,0x00000000fad00000,0x00000000fd680000)
 ParOldGen       total 206848K, used 57423K [0x00000000e0000000, 0x00000000eca00000, 0x00000000f5580000)
  object space 206848K, 27% used [0x00000000e0000000,0x00000000e3813ee0,0x00000000eca00000)
 Metaspace       used 87108K, capacity 95088K, committed 95320K, reserved 1130496K
  class space    used 12003K, capacity 13373K, committed 13400K, reserved 1048576K
}
Event: 1229.095 GC heap before
{Heap before GC invocations=42 (full 3):
 PSYoungGen      total 124416K, used 124388K [0x00000000f5580000, 0x0000000100000000, 0x0000000100000000)
  eden space 89600K, 100% used [0x00000000f5580000,0x00000000fad00000,0x00000000fad00000)
  from space 34816K, 99% used [0x00000000fde00000,0x00000000ffff9360,0x0000000100000000)
  to   space 42496K, 0% used [0x00000000fad00000,0x00000000fad00000,0x00000000fd680000)
 ParOldGen       total 206848K, used 57423K [0x00000000e0000000, 0x00000000eca00000, 0x00000000f5580000)
  object space 206848K, 27% used [0x00000000e0000000,0x00000000e3813ee0,0x00000000eca00000)
 Metaspace       used 88240K, capacity 96312K, committed 96472K, reserved 1132544K
  class space    used 12114K, capacity 13475K, committed 13528K, reserved 1048576K
Event: 1229.355 GC heap after
Heap after GC invocations=42 (full 3):
 PSYoungGen      total 126464K, used 36581K [0x00000000f5580000, 0x0000000100000000, 0x0000000100000000)
  eden space 89600K, 0% used [0x00000000f5580000,0x00000000f5580000,0x00000000fad00000)
  from space 36864K, 99% used [0x00000000fad00000,0x00000000fd0b9640,0x00000000fd100000)
  to   space 45568K, 0% used [0x00000000fd380000,0x00000000fd380000,0x0000000100000000)
 ParOldGen       total 206848K, used 58463K [0x00000000e0000000, 0x00000000eca00000, 0x00000000f5580000)
  object space 206848K, 28% used [0x00000000e0000000,0x00000000e3917f00,0x00000000eca00000)
 Metaspace       used 88240K, capacity 96312K, committed 96472K, reserved 1132544K
  class space    used 12114K, capacity 13475K, committed 13528K, reserved 1048576K
}
Event: 1233.504 GC heap before
{Heap before GC invocations=43 (full 3):
 PSYoungGen      total 126464K, used 126181K [0x00000000f5580000, 0x0000000100000000, 0x0000000100000000)
  eden space 89600K, 100% used [0x00000000f5580000,0x00000000fad00000,0x00000000fad00000)
  from space 36864K, 99% used [0x00000000fad00000,0x00000000fd0b9640,0x00000000fd100000)
  to   space 45568K, 0% used [0x00000000fd380000,0x00000000fd380000,0x0000000100000000)
 ParOldGen       total 206848K, used 58463K [0x00000000e0000000, 0x00000000eca00000, 0x00000000f5580000)
  object space 206848K, 28% used [0x00000000e0000000,0x00000000e3917f00,0x00000000eca00000)
 Metaspace       used 88252K, capacity 96376K, committed 96472K, reserved 1132544K
  class space    used 12115K, capacity 13475K, committed 13528K, reserved 1048576K
Event: 1233.782 GC heap after
Heap after GC invocations=43 (full 3):
 PSYoungGen      total 121856K, used 39491K [0x00000000f5580000, 0x0000000100000000, 0x0000000100000000)
  eden space 76288K, 0% used [0x00000000f5580000,0x00000000f5580000,0x00000000fa000000)
  from space 45568K, 86% used [0x00000000fd380000,0x00000000ffa10f20,0x0000000100000000)
  to   space 49152K, 0% used [0x00000000fa000000,0x00000000fa000000,0x00000000fd000000)
 ParOldGen       total 206848K, used 58887K [0x00000000e0000000, 0x00000000eca00000, 0x00000000f5580000)
  object space 206848K, 28% used [0x00000000e0000000,0x00000000e3981f00,0x00000000eca00000)
 Metaspace       used 88252K, capacity 96376K, committed 96472K, reserved 1132544K
  class space    used 12115K, capacity 13475K, committed 13528K, reserved 1048576K
}
Event: 1239.359 GC heap before
{Heap before GC invocations=44 (full 3):
 PSYoungGen      total 121856K, used 115779K [0x00000000f5580000, 0x0000000100000000, 0x0000000100000000)
  eden space 76288K, 100% used [0x00000000f5580000,0x00000000fa000000,0x00000000fa000000)
  from space 45568K, 86% used [0x00000000fd380000,0x00000000ffa10f20,0x0000000100000000)
  to   space 49152K, 0% used [0x00000000fa000000,0x00000000fa000000,0x00000000fd000000)
 ParOldGen       total 206848K, used 58887K [0x00000000e0000000, 0x00000000eca00000, 0x00000000f5580000)
  object space 206848K, 28% used [0x00000000e0000000,0x00000000e3981f00,0x00000000eca00000)
 Metaspace       used 88452K, capacity 96638K, committed 96728K, reserved 1132544K
  class space    used 12136K, capacity 13521K, committed 13528K, reserved 1048576K
Event: 1239.506 GC heap after
Heap after GC invocations=44 (full 3):
 PSYoungGen      total 114688K, used 38044K [0x00000000f5580000, 0x0000000100000000, 0x0000000100000000)
  eden space 76288K, 0% used [0x00000000f5580000,0x00000000f5580000,0x00000000fa000000)
  from space 38400K, 99% used [0x00000000fa000000,0x00000000fc527278,0x00000000fc580000)
  to   space 51712K, 0% used [0x00000000fcd80000,0x00000000fcd80000,0x0000000100000000)
 ParOldGen       total 206848K, used 70695K [0x00000000e0000000, 0x00000000eca00000, 0x00000000f5580000)
  object space 206848K, 34% used [0x00000000e0000000,0x00000000e4509ff0,0x00000000eca00000)
 Metaspace       used 88452K, capacity 96638K, committed 96728K, reserved 1132544K
  class space    used 12136K, capacity 13521K, committed 13528K, reserved 1048576K
}

